on client connected, fd_id = 1
PHP Fatal error:  Uncaught Error: Class 'Swoole\Coroutine\MySQL' not found in /Users/tingping/myweb/SimpleChatOnline/Coroutine/Mysql.php:11
Stack trace:
#0 /Users/tingping/myweb/SimpleChatOnline/Server.php(48): SimpleChatOnline\Coroutine\Mysql->__construct(Array)
#1 [internal function]: SimpleChatOnline\Server->onReceive(Object(swoole_server), 1, 0, '{"user_id":123,...')
#2 /Users/tingping/myweb/SimpleChatOnline/Server.php(36): swoole_server->start()
#3 /Users/tingping/myweb/SimpleChatOnline/Server.php(26): SimpleChatOnline\Server->onStart()
#4 /Users/tingping/myweb/SimpleChatOnline/Server.php(70): SimpleChatOnline\Server->__construct()
#5 {main}
  thrown in /Users/tingping/myweb/SimpleChatOnline/Coroutine/Mysql.php on line 11
PHP Stack trace:
PHP   1. {main}() /Users/tingping/myweb/SimpleChatOnline/Server.php:0
PHP   2. SimpleChatOnline\Server->__construct() /Users/tingping/myweb/SimpleChatOnline/Server.php:70
PHP   3. SimpleChatOnline\Server->onStart() /Users/tingping/myweb/SimpleChatOnline/Server.php:26
PHP   4. swoole_server->start() /Users/tingping/myweb/SimpleChatOnline/Server.php:36

Fatal error: Uncaught Error: Class 'Swoole\Coroutine\MySQL' not found in /Users/tingping/myweb/SimpleChatOnline/Coroutine/Mysql.php on line 11

Call Stack:
    0.0004     367312   1. {main}() /Users/tingping/myweb/SimpleChatOnline/Server.php:0
    0.0004     367392   2. SimpleChatOnline\Server->__construct() /Users/tingping/myweb/SimpleChatOnline/Server.php:70
    0.0009     379128   3. SimpleChatOnline\Server->onStart() /Users/tingping/myweb/SimpleChatOnline/Server.php:26
    0.0009     379128   4. swoole_server->start() /Users/tingping/myweb/SimpleChatOnline/Server.php:36

Error: Class 'Swoole\Coroutine\MySQL' not found in /Users/tingping/myweb/SimpleChatOnline/Coroutine/Mysql.php on line 11

Call Stack:
    0.0004     367312   1. {main}() /Users/tingping/myweb/SimpleChatOnline/Server.php:0
    0.0004     367392   2. SimpleChatOnline\Server->__construct() /Users/tingping/myweb/SimpleChatOnline/Server.php:70
    0.0009     379128   3. SimpleChatOnline\Server->onStart() /Users/tingping/myweb/SimpleChatOnline/Server.php:26
    0.0009     379128   4. swoole_server->start() /Users/tingping/myweb/SimpleChatOnline/Server.php:36
    5.5514     379456   5. SimpleChatOnline\Server->onReceive() /Users/tingping/myweb/SimpleChatOnline/Server.php:36
    5.5523     383352   6. SimpleChatOnline\Coroutine\Mysql->__construct() /Users/tingping/myweb/SimpleChatOnline/Server.php:48

[2017-08-28 11:20:02 *6650.0]	ERROR	zm_deactivate_swoole (ERROR 503): Fatal error: Uncaught Error: Class 'Swoole\Coroutine\MySQL' not found in /Users/tingping/myweb/SimpleChatOnline/Coroutine/Mysql.php:11
Stack trace:
#0 /Users/tingping/myweb/SimpleChatOnline/Server.php(48): SimpleChatOnline\Coroutine\Mysql->__construct(Array)
#1 [internal function]: SimpleChatOnline\Server->onReceive(Object(swoole_server), 1, 0, '{"user_id":123,...')
#2 /Users/tingping/myweb/SimpleChatOnline/Server.php(36): swoole_server->start()
#3 /Users/tingping/myweb/Si
[2017-08-28 11:20:02 $6641.0]	WARNING	swManager_check_exit_status: worker#0 abnormal exit, status=255, signal=0
fd = 1 closed
[2017-08-28 12:00:19 $6641.0]	NOTICE	Server is reloading now.
on client connected, fd_id = 1
PHP Fatal error:  Uncaught Error: Class 'SimpleChatOnline\Coroutine\Swoole\MySQL' not found in /Users/tingping/myweb/SimpleChatOnline/Coroutine/Mysql.php:10
Stack trace:
#0 /Users/tingping/myweb/SimpleChatOnline/Server.php(48): SimpleChatOnline\Coroutine\Mysql->__construct(Array)
#1 [internal function]: SimpleChatOnline\Server->onReceive(Object(swoole_server), 1, 0, '{"user_id":123,...')
#2 /Users/tingping/myweb/SimpleChatOnline/Server.php(36): swoole_server->start()
#3 /Users/tingping/myweb/SimpleChatOnline/Server.php(26): SimpleChatOnline\Server->onStart()
#4 /Users/tingping/myweb/SimpleChatOnline/Server.php(70): SimpleChatOnline\Server->__construct()
#5 {main}
  thrown in /Users/tingping/myweb/SimpleChatOnline/Coroutine/Mysql.php on line 10
PHP Stack trace:
PHP   1. {main}() /Users/tingping/myweb/SimpleChatOnline/Server.php:0
PHP   2. SimpleChatOnline\Server->__construct() /Users/tingping/myweb/SimpleChatOnline/Server.php:70
PHP   3. SimpleChatOnline\Server->onStart() /Users/tingping/myweb/SimpleChatOnline/Server.php:26
PHP   4. swoole_server->start() /Users/tingping/myweb/SimpleChatOnline/Server.php:36

Fatal error: Uncaught Error: Class 'SimpleChatOnline\Coroutine\Swoole\MySQL' not found in /Users/tingping/myweb/SimpleChatOnline/Coroutine/Mysql.php on line 10

Call Stack:
    0.0004     367312   1. {main}() /Users/tingping/myweb/SimpleChatOnline/Server.php:0
    0.0004     367392   2. SimpleChatOnline\Server->__construct() /Users/tingping/myweb/SimpleChatOnline/Server.php:70
    0.0010     379128   3. SimpleChatOnline\Server->onStart() /Users/tingping/myweb/SimpleChatOnline/Server.php:26
    0.0010     379128   4. swoole_server->start() /Users/tingping/myweb/SimpleChatOnline/Server.php:36

Error: Class 'SimpleChatOnline\Coroutine\Swoole\MySQL' not found in /Users/tingping/myweb/SimpleChatOnline/Coroutine/Mysql.php on line 10

Call Stack:
    0.0004     367312   1. {main}() /Users/tingping/myweb/SimpleChatOnline/Server.php:0
    0.0004     367392   2. SimpleChatOnline\Server->__construct() /Users/tingping/myweb/SimpleChatOnline/Server.php:70
    0.0010     379128   3. SimpleChatOnline\Server->onStart() /Users/tingping/myweb/SimpleChatOnline/Server.php:26
    0.0010     379128   4. swoole_server->start() /Users/tingping/myweb/SimpleChatOnline/Server.php:36
    5.6284     379456   5. SimpleChatOnline\Server->onReceive() /Users/tingping/myweb/SimpleChatOnline/Server.php:36
    5.6366     386016   6. SimpleChatOnline\Coroutine\Mysql->__construct() /Users/tingping/myweb/SimpleChatOnline/Server.php:48

[2017-08-28 12:00:41 *6771.0]	ERROR	zm_deactivate_swoole (ERROR 503): Fatal error: Uncaught Error: Class 'SimpleChatOnline\Coroutine\Swoole\MySQL' not found in /Users/tingping/myweb/SimpleChatOnline/Coroutine/Mysql.php:10
Stack trace:
#0 /Users/tingping/myweb/SimpleChatOnline/Server.php(48): SimpleChatOnline\Coroutine\Mysql->__construct(Array)
#1 [internal function]: SimpleChatOnline\Server->onReceive(Object(swoole_server), 1, 0, '{"user_id":123,...')
#2 /Users/tingping/myweb/SimpleChatOnline/Server.php(36): swoole_server->start()
#3 /Users/
[2017-08-28 12:00:41 $6762.0]	WARNING	swManager_check_exit_status: worker#0 abnormal exit, status=255, signal=0
fd = 1 closed
on client connected, fd_id = 1
/Users/tingping/myweb/SimpleChatOnline/Server.php:53:
NULL
3333fd = 1 closed
on client connected, fd_id = 2
/Users/tingping/myweb/SimpleChatOnline/Server.php:53:
NULL
3333fd = 2 closed
on client connected, fd_id = 1
/Users/tingping/myweb/SimpleChatOnline/Coroutine/Mysql.php:16:
array(6) {
  'host' =>
  string(9) "localhost"
  'port' =>
  int(3306)
  'user' =>
  string(4) "root"
  'password' =>
  string(0) ""
  'charset' =>
  string(4) "utf8"
  'database' =>
  string(6) "mytest"
}
[2017-08-28 13:25:42 *6903.0]	ERROR	zm_deactivate_swoole (ERROR 9003): worker process is terminated by exit()/die().
fd = 1 closed
on client connected, fd_id = 1
/Users/tingping/myweb/SimpleChatOnline/Coroutine/Mysql.php:16:
array(6) {
  'host' =>
  string(9) "localhost"
  'port' =>
  int(3306)
  'user' =>
  string(4) "root"
  'password' =>
  string(0) ""
  'charset' =>
  string(4) "utf8"
  'database' =>
  string(6) "mytest"
}
fd = 1 closed
on client connected, fd_id = 1
/Users/tingping/myweb/SimpleChatOnline/Coroutine/Mysql.php:17:
class swoole_mysql#6 (4) {
  public $errno =>
  int(0)
  public $connect_errno =>
  int(0)
  public $insert_id =>
  int(0)
  public $affected_rows =>
  int(0)
}
fd = 1 closed
INSERT INTO `crh_train` (`train_name`, `train_color`, `train_weight`, `updated_at`, `sort_by`, `inner_sort`, `disabled`)
VALUES
	('京沪高速铁路', '#CC0033', 5, 1492097261, 1, NULL, 'false')
on client connected, fd_id = 2
/Users/tingping/myweb/SimpleChatOnline/Coroutine/Mysql.php:17:
class swoole_mysql#10 (4) {
  public $errno =>
  int(0)
  public $connect_errno =>
  int(0)
  public $insert_id =>
  int(0)
  public $affected_rows =>
  int(0)
}
fd = 2 closed
INSERT INTO `crh_train` (`train_name`, `train_color`, `train_weight`, `updated_at`, `sort_by`, `inner_sort`, `disabled`)
VALUES
	('京沪高速铁路', '#CC0033', 5, 1492097261, 1, NULL, 'false')
on client connected, fd_id = 1
/Users/tingping/myweb/SimpleChatOnline/Coroutine/Mysql.php:17:
class swoole_mysql#6 (4) {
  public $errno =>
  int(0)
  public $connect_errno =>
  int(0)
  public $insert_id =>
  int(0)
  public $affected_rows =>
  int(0)
}
fd = 1 closed
INSERT INTO `crh_train` (`train_name`, `train_color`, `train_weight`, `updated_at`, `sort_by`, `inner_sort`, `disabled`)
VALUES
	('京沪高速铁路', '#CC0033', 5, 1492097261, 1, NULL, 'false')
mysql2